Analysis & Synthesis report for denshilock
Wed Dec 13 11:38:42 2023
Quartus Prime Version 20.1.0 Build 711 06/05/2020 SJ Lite Edition


---------------------
; Table of Contents ;
---------------------
  1. Legal Notice
  2. Analysis & Synthesis Summary
  3. Analysis & Synthesis Settings
  4. Parallel Compilation
  5. Analysis & Synthesis Source Files Read
  6. Analysis & Synthesis Resource Usage Summary
  7. Analysis & Synthesis Resource Utilization by Entity
  8. General Register Statistics
  9. Inverted Register Statistics
 10. Post-Synthesis Netlist Statistics for Top Partition
 11. Elapsed Time Per Partition
 12. Analysis & Synthesis Messages



----------------
; Legal Notice ;
----------------
Copyright (C) 2020  Intel Corporation. All rights reserved.
Your use of Intel Corporation's design tools, logic functions 
and other software and tools, and any partner logic 
functions, and any output files from any of the foregoing 
(including device programming or simulation files), and any 
associated documentation or information are expressly subject 
to the terms and conditions of the Intel Program License 
Subscription Agreement, the Intel Quartus Prime License Agreement,
the Intel FPGA IP License Agreement, or other applicable license
agreement, including, without limitation, that your use is for
the sole purpose of programming logic devices manufactured by
Intel and sold by Intel or its authorized distributors.  Please
refer to the applicable agreement for further details, at
https://fpgasoftware.intel.com/eula.



+----------------------------------------------------------------------------------+
; Analysis & Synthesis Summary                                                     ;
+------------------------------------+---------------------------------------------+
; Analysis & Synthesis Status        ; Successful - Wed Dec 13 11:38:42 2023       ;
; Quartus Prime Version              ; 20.1.0 Build 711 06/05/2020 SJ Lite Edition ;
; Revision Name                      ; denshilock                                  ;
; Top-level Entity Name              ; denshilock                                  ;
; Family                             ; Cyclone 10 LP                               ;
; Total logic elements               ; 106                                         ;
;     Total combinational functions  ; 51                                          ;
;     Dedicated logic registers      ; 72                                          ;
; Total registers                    ; 72                                          ;
; Total pins                         ; 32                                          ;
; Total virtual pins                 ; 0                                           ;
; Total memory bits                  ; 0                                           ;
; Embedded Multiplier 9-bit elements ; 0                                           ;
; Total PLLs                         ; 0                                           ;
+------------------------------------+---------------------------------------------+


+------------------------------------------------------------------------------------------------------------+
; Analysis & Synthesis Settings                                                                              ;
+------------------------------------------------------------------+--------------------+--------------------+
; Option                                                           ; Setting            ; Default Value      ;
+------------------------------------------------------------------+--------------------+--------------------+
; Device                                                           ; 10CL025YU256I7G    ;                    ;
; Top-level entity name                                            ; denshilock         ; denshilock         ;
; Family name                                                      ; Cyclone 10 LP      ; Cyclone V          ;
; Use smart compilation                                            ; Off                ; Off                ;
; Enable parallel Assembler and Timing Analyzer during compilation ; On                 ; On                 ;
; Enable compact report table                                      ; Off                ; Off                ;
; Restructure Multiplexers                                         ; Auto               ; Auto               ;
; Create Debugging Nodes for IP Cores                              ; Off                ; Off                ;
; Preserve fewer node names                                        ; On                 ; On                 ;
; Intel FPGA IP Evaluation Mode                                    ; Enable             ; Enable             ;
; Verilog Version                                                  ; Verilog_2001       ; Verilog_2001       ;
; VHDL Version                                                     ; VHDL_1993          ; VHDL_1993          ;
; State Machine Processing                                         ; Auto               ; Auto               ;
; Safe State Machine                                               ; Off                ; Off                ;
; Extract Verilog State Machines                                   ; On                 ; On                 ;
; Extract VHDL State Machines                                      ; On                 ; On                 ;
; Ignore Verilog initial constructs                                ; Off                ; Off                ;
; Iteration limit for constant Verilog loops                       ; 5000               ; 5000               ;
; Iteration limit for non-constant Verilog loops                   ; 250                ; 250                ;
; Add Pass-Through Logic to Inferred RAMs                          ; On                 ; On                 ;
; Infer RAMs from Raw Logic                                        ; On                 ; On                 ;
; Parallel Synthesis                                               ; On                 ; On                 ;
; DSP Block Balancing                                              ; Auto               ; Auto               ;
; NOT Gate Push-Back                                               ; On                 ; On                 ;
; Power-Up Don't Care                                              ; On                 ; On                 ;
; Remove Redundant Logic Cells                                     ; Off                ; Off                ;
; Remove Duplicate Registers                                       ; On                 ; On                 ;
; Ignore CARRY Buffers                                             ; Off                ; Off                ;
; Ignore CASCADE Buffers                                           ; Off                ; Off                ;
; Ignore GLOBAL Buffers                                            ; Off                ; Off                ;
; Ignore ROW GLOBAL Buffers                                        ; Off                ; Off                ;
; Ignore LCELL Buffers                                             ; Off                ; Off                ;
; Ignore SOFT Buffers                                              ; On                 ; On                 ;
; Limit AHDL Integers to 32 Bits                                   ; Off                ; Off                ;
; Optimization Technique                                           ; Balanced           ; Balanced           ;
; Carry Chain Length                                               ; 70                 ; 70                 ;
; Auto Carry Chains                                                ; On                 ; On                 ;
; Auto Open-Drain Pins                                             ; On                 ; On                 ;
; Perform WYSIWYG Primitive Resynthesis                            ; Off                ; Off                ;
; Auto ROM Replacement                                             ; On                 ; On                 ;
; Auto RAM Replacement                                             ; On                 ; On                 ;
; Auto DSP Block Replacement                                       ; On                 ; On                 ;
; Auto Shift Register Replacement                                  ; Auto               ; Auto               ;
; Allow Shift Register Merging across Hierarchies                  ; Auto               ; Auto               ;
; Auto Clock Enable Replacement                                    ; On                 ; On                 ;
; Strict RAM Replacement                                           ; Off                ; Off                ;
; Allow Synchronous Control Signals                                ; On                 ; On                 ;
; Force Use of Synchronous Clear Signals                           ; Off                ; Off                ;
; Auto RAM Block Balancing                                         ; On                 ; On                 ;
; Auto RAM to Logic Cell Conversion                                ; Off                ; Off                ;
; Auto Resource Sharing                                            ; Off                ; Off                ;
; Allow Any RAM Size For Recognition                               ; Off                ; Off                ;
; Allow Any ROM Size For Recognition                               ; Off                ; Off                ;
; Allow Any Shift Register Size For Recognition                    ; Off                ; Off                ;
; Use LogicLock Constraints during Resource Balancing              ; On                 ; On                 ;
; Ignore translate_off and synthesis_off directives                ; Off                ; Off                ;
; Timing-Driven Synthesis                                          ; On                 ; On                 ;
; Report Parameter Settings                                        ; On                 ; On                 ;
; Report Source Assignments                                        ; On                 ; On                 ;
; Report Connectivity Checks                                       ; On                 ; On                 ;
; Ignore Maximum Fan-Out Assignments                               ; Off                ; Off                ;
; Synchronization Register Chain Length                            ; 2                  ; 2                  ;
; Power Optimization During Synthesis                              ; Normal compilation ; Normal compilation ;
; HDL message level                                                ; Level2             ; Level2             ;
; Suppress Register Optimization Related Messages                  ; Off                ; Off                ;
; Number of Removed Registers Reported in Synthesis Report         ; 5000               ; 5000               ;
; Number of Swept Nodes Reported in Synthesis Report               ; 5000               ; 5000               ;
; Number of Inverted Registers Reported in Synthesis Report        ; 100                ; 100                ;
; Clock MUX Protection                                             ; On                 ; On                 ;
; Auto Gated Clock Conversion                                      ; Off                ; Off                ;
; Block Design Naming                                              ; Auto               ; Auto               ;
; SDC constraint protection                                        ; Off                ; Off                ;
; Synthesis Effort                                                 ; Auto               ; Auto               ;
; Shift Register Replacement - Allow Asynchronous Clear Signal     ; On                 ; On                 ;
; Pre-Mapping Resynthesis Optimization                             ; Off                ; Off                ;
; Analysis & Synthesis Message Level                               ; Medium             ; Medium             ;
; Disable Register Merging Across Hierarchies                      ; Auto               ; Auto               ;
; Resource Aware Inference For Block RAM                           ; On                 ; On                 ;
+------------------------------------------------------------------+--------------------+--------------------+


+------------------------------------------+
; Parallel Compilation                     ;
+----------------------------+-------------+
; Processors                 ; Number      ;
+----------------------------+-------------+
; Number detected on machine ; 2           ;
; Maximum allowed            ; 2           ;
;                            ;             ;
; Average used               ; 1.00        ;
; Maximum used               ; 2           ;
;                            ;             ;
; Usage by Processor         ; % Time Used ;
;     Processor 1            ; 100.0%      ;
;     Processor 2            ;   0.0%      ;
+----------------------------+-------------+


+------------------------------------------------------------------------------------------------------------------------------------------------------------------------------------------------+
; Analysis & Synthesis Source Files Read                                                                                                                                                         ;
+----------------------------------+-----------------+------------------------------------+--------------------------------------------------------------------------------------------+---------+
; File Name with User-Entered Path ; Used in Netlist ; File Type                          ; File Name with Absolute Path                                                               ; Library ;
+----------------------------------+-----------------+------------------------------------+--------------------------------------------------------------------------------------------+---------+
; DecToBinEncoder.bdf              ; yes             ; User Block Diagram/Schematic File  ; C:/Users/User/Documents/work/FPGA/FPGA2023/denishilock/denshiLockRev02/DecToBinEncoder.bdf ;         ;
; BinToSegDecoder.bdf              ; yes             ; User Block Diagram/Schematic File  ; C:/Users/User/Documents/work/FPGA/FPGA2023/denishilock/denshiLockRev02/BinToSegDecoder.bdf ;         ;
; keyenbl.bdf                      ; yes             ; User Block Diagram/Schematic File  ; C:/Users/User/Documents/work/FPGA/FPGA2023/denishilock/denshiLockRev02/keyenbl.bdf         ;         ;
; detectModule.bdf                 ; yes             ; User Block Diagram/Schematic File  ; C:/Users/User/Documents/work/FPGA/FPGA2023/denishilock/denshiLockRev02/detectModule.bdf    ;         ;
; bangoRegister.bdf                ; yes             ; User Block Diagram/Schematic File  ; C:/Users/User/Documents/work/FPGA/FPGA2023/denishilock/denshiLockRev02/bangoRegister.bdf   ;         ;
; angoRegister.bdf                 ; yes             ; User Block Diagram/Schematic File  ; C:/Users/User/Documents/work/FPGA/FPGA2023/denishilock/denshiLockRev02/angoRegister.bdf    ;         ;
; 10bunshu.bdf                     ; yes             ; User Block Diagram/Schematic File  ; C:/Users/User/Documents/work/FPGA/FPGA2023/denishilock/denshiLockRev02/10bunshu.bdf        ;         ;
; stateMachine.bdf                 ; yes             ; User Block Diagram/Schematic File  ; C:/Users/User/Documents/work/FPGA/FPGA2023/denishilock/denshiLockRev02/stateMachine.bdf    ;         ;
; bun60hz.bdf                      ; yes             ; User Block Diagram/Schematic File  ; C:/Users/User/Documents/work/FPGA/FPGA2023/denishilock/denshiLockRev02/bun60hz.bdf         ;         ;
; denshilock.bdf                   ; yes             ; User Block Diagram/Schematic File  ; C:/Users/User/Documents/work/FPGA/FPGA2023/denishilock/denshiLockRev02/denshilock.bdf      ;         ;
+----------------------------------+-----------------+------------------------------------+--------------------------------------------------------------------------------------------+---------+


+-----------------------------------------------------------------------------------+
; Analysis & Synthesis Resource Usage Summary                                       ;
+---------------------------------------------+-------------------------------------+
; Resource                                    ; Usage                               ;
+---------------------------------------------+-------------------------------------+
; Estimated Total logic elements              ; 106                                 ;
;                                             ;                                     ;
; Total combinational functions               ; 51                                  ;
; Logic element usage by number of LUT inputs ;                                     ;
;     -- 4 input functions                    ; 32                                  ;
;     -- 3 input functions                    ; 5                                   ;
;     -- <=2 input functions                  ; 14                                  ;
;                                             ;                                     ;
; Logic elements by mode                      ;                                     ;
;     -- normal mode                          ; 51                                  ;
;     -- arithmetic mode                      ; 0                                   ;
;                                             ;                                     ;
; Total registers                             ; 72                                  ;
;     -- Dedicated logic registers            ; 72                                  ;
;     -- I/O registers                        ; 0                                   ;
;                                             ;                                     ;
; I/O pins                                    ; 32                                  ;
;                                             ;                                     ;
; Embedded Multiplier 9-bit elements          ; 0                                   ;
;                                             ;                                     ;
; Maximum fan-out node                        ; bun60hz:inst17|10bunshu:inst5|inst7 ;
; Maximum fan-out                             ; 43                                  ;
; Total fan-out                               ; 421                                 ;
; Average fan-out                             ; 2.25                                ;
+---------------------------------------------+-------------------------------------+


+------------------------------------------------------------------------------------------------------------------------------------------------------------------------------------------------------------------------------------+
; Analysis & Synthesis Resource Utilization by Entity                                                                                                                                                                                ;
+----------------------------+---------------------+---------------------------+-------------+--------------+---------+-----------+------+--------------+-------------------------------------------+-----------------+--------------+
; Compilation Hierarchy Node ; Combinational ALUTs ; Dedicated Logic Registers ; Memory Bits ; DSP Elements ; DSP 9x9 ; DSP 18x18 ; Pins ; Virtual Pins ; Full Hierarchy Name                       ; Entity Name     ; Library Name ;
+----------------------------+---------------------+---------------------------+-------------+--------------+---------+-----------+------+--------------+-------------------------------------------+-----------------+--------------+
; |denshilock                ; 51 (17)             ; 72 (2)                    ; 0           ; 0            ; 0       ; 0         ; 32   ; 0            ; |denshilock                               ; denshilock      ; work         ;
;    |DecToBinEncoder:inst3| ; 6 (6)               ; 0 (0)                     ; 0           ; 0            ; 0       ; 0         ; 0    ; 0            ; |denshilock|DecToBinEncoder:inst3         ; DecToBinEncoder ; work         ;
;    |angoRegister:inst1|    ; 0 (0)               ; 16 (16)                   ; 0           ; 0            ; 0       ; 0         ; 0    ; 0            ; |denshilock|angoRegister:inst1            ; angoRegister    ; work         ;
;    |bangoRegister:inst|    ; 0 (0)               ; 16 (16)                   ; 0           ; 0            ; 0       ; 0         ; 0    ; 0            ; |denshilock|bangoRegister:inst            ; bangoRegister   ; work         ;
;    |bun60hz:inst17|        ; 6 (0)               ; 30 (0)                    ; 0           ; 0            ; 0       ; 0         ; 0    ; 0            ; |denshilock|bun60hz:inst17                ; bun60hz         ; work         ;
;       |10bunshu:inst1|     ; 1 (1)               ; 5 (5)                     ; 0           ; 0            ; 0       ; 0         ; 0    ; 0            ; |denshilock|bun60hz:inst17|10bunshu:inst1 ; 10bunshu        ; work         ;
;       |10bunshu:inst2|     ; 1 (1)               ; 5 (5)                     ; 0           ; 0            ; 0       ; 0         ; 0    ; 0            ; |denshilock|bun60hz:inst17|10bunshu:inst2 ; 10bunshu        ; work         ;
;       |10bunshu:inst3|     ; 1 (1)               ; 5 (5)                     ; 0           ; 0            ; 0       ; 0         ; 0    ; 0            ; |denshilock|bun60hz:inst17|10bunshu:inst3 ; 10bunshu        ; work         ;
;       |10bunshu:inst4|     ; 1 (1)               ; 5 (5)                     ; 0           ; 0            ; 0       ; 0         ; 0    ; 0            ; |denshilock|bun60hz:inst17|10bunshu:inst4 ; 10bunshu        ; work         ;
;       |10bunshu:inst5|     ; 1 (1)               ; 5 (5)                     ; 0           ; 0            ; 0       ; 0         ; 0    ; 0            ; |denshilock|bun60hz:inst17|10bunshu:inst5 ; 10bunshu        ; work         ;
;       |10bunshu:inst|      ; 1 (1)               ; 5 (5)                     ; 0           ; 0            ; 0       ; 0         ; 0    ; 0            ; |denshilock|bun60hz:inst17|10bunshu:inst  ; 10bunshu        ; work         ;
;    |keyenbl:inst14|        ; 1 (1)               ; 2 (2)                     ; 0           ; 0            ; 0       ; 0         ; 0    ; 0            ; |denshilock|keyenbl:inst14                ; keyenbl         ; work         ;
;    |keyenbl:inst15|        ; 1 (1)               ; 2 (2)                     ; 0           ; 0            ; 0       ; 0         ; 0    ; 0            ; |denshilock|keyenbl:inst15                ; keyenbl         ; work         ;
;    |keyenbl:inst16|        ; 4 (4)               ; 2 (2)                     ; 0           ; 0            ; 0       ; 0         ; 0    ; 0            ; |denshilock|keyenbl:inst16                ; keyenbl         ; work         ;
;    |stateMachine:inst18|   ; 16 (16)             ; 2 (2)                     ; 0           ; 0            ; 0       ; 0         ; 0    ; 0            ; |denshilock|stateMachine:inst18           ; stateMachine    ; work         ;
+----------------------------+---------------------+---------------------------+-------------+--------------+---------+-----------+------+--------------+-------------------------------------------+-----------------+--------------+
Note: For table entries with two numbers listed, the numbers in parentheses indicate the number of resources of the given type used by the specific entity alone. The numbers listed outside of parentheses indicate the total resources of the given type used by the specific entity and all of its sub-entities in the hierarchy.


+------------------------------------------------------+
; General Register Statistics                          ;
+----------------------------------------------+-------+
; Statistic                                    ; Value ;
+----------------------------------------------+-------+
; Total registers                              ; 72    ;
; Number of registers using Synchronous Clear  ; 0     ;
; Number of registers using Synchronous Load   ; 0     ;
; Number of registers using Asynchronous Clear ; 34    ;
; Number of registers using Asynchronous Load  ; 0     ;
; Number of registers using Clock Enable       ; 32    ;
; Number of registers using Preset             ; 0     ;
+----------------------------------------------+-------+


+---------------------------------------------------+
; Inverted Register Statistics                      ;
+-----------------------------------------+---------+
; Inverted Register                       ; Fan out ;
+-----------------------------------------+---------+
; bangoRegister:inst|inst                 ; 9       ;
; bangoRegister:inst|inst1                ; 10      ;
; bangoRegister:inst|inst2                ; 10      ;
; bangoRegister:inst|inst3                ; 10      ;
; angoRegister:inst1|inst12               ; 7       ;
; angoRegister:inst1|inst13               ; 8       ;
; angoRegister:inst1|inst14               ; 8       ;
; angoRegister:inst1|inst15               ; 8       ;
; bangoRegister:inst|inst12               ; 3       ;
; bangoRegister:inst|inst13               ; 3       ;
; bangoRegister:inst|inst15               ; 3       ;
; bangoRegister:inst|inst14               ; 3       ;
; angoRegister:inst1|inst                 ; 1       ;
; angoRegister:inst1|inst2                ; 1       ;
; angoRegister:inst1|inst3                ; 1       ;
; angoRegister:inst1|inst1                ; 1       ;
; bangoRegister:inst|inst6                ; 3       ;
; bangoRegister:inst|inst5                ; 3       ;
; angoRegister:inst1|inst5                ; 1       ;
; angoRegister:inst1|inst6                ; 1       ;
; bangoRegister:inst|inst7                ; 3       ;
; bangoRegister:inst|inst4                ; 3       ;
; angoRegister:inst1|inst4                ; 1       ;
; angoRegister:inst1|inst7                ; 1       ;
; bangoRegister:inst|inst8                ; 3       ;
; bangoRegister:inst|inst10               ; 3       ;
; angoRegister:inst1|inst10               ; 1       ;
; angoRegister:inst1|inst8                ; 1       ;
; bangoRegister:inst|inst9                ; 3       ;
; bangoRegister:inst|inst11               ; 3       ;
; angoRegister:inst1|inst11               ; 1       ;
; angoRegister:inst1|inst9                ; 1       ;
; Total number of inverted registers = 32 ;         ;
+-----------------------------------------+---------+


+-----------------------------------------------------+
; Post-Synthesis Netlist Statistics for Top Partition ;
+-----------------------+-----------------------------+
; Type                  ; Count                       ;
+-----------------------+-----------------------------+
; boundary_port         ; 32                          ;
; cycloneiii_ff         ; 72                          ;
;     CLR               ; 2                           ;
;     ENA CLR           ; 32                          ;
;     plain             ; 38                          ;
; cycloneiii_lcell_comb ; 68                          ;
;     normal            ; 68                          ;
;         0 data inputs ; 1                           ;
;         1 data inputs ; 24                          ;
;         2 data inputs ; 6                           ;
;         3 data inputs ; 5                           ;
;         4 data inputs ; 32                          ;
;                       ;                             ;
; Max LUT depth         ; 4.00                        ;
; Average LUT depth     ; 2.14                        ;
+-----------------------+-----------------------------+


+-------------------------------+
; Elapsed Time Per Partition    ;
+----------------+--------------+
; Partition Name ; Elapsed Time ;
+----------------+--------------+
; Top            ; 00:00:01     ;
+----------------+--------------+


+-------------------------------+
; Analysis & Synthesis Messages ;
+-------------------------------+
Info: *******************************************************************
Info: Running Quartus Prime Analysis & Synthesis
    Info: Version 20.1.0 Build 711 06/05/2020 SJ Lite Edition
    Info: Processing started: Wed Dec 13 11:37:57 2023
Info: Command: quartus_map --read_settings_files=on --write_settings_files=off denshilockRev2 -c denshilock
Warning (18236): Number of processors has not been specified which may cause overloading on shared machines.  Set the global assignment NUM_PARALLEL_PROCESSORS in your QSF to an appropriate value for best performance.
Info (20030): Parallel compilation is enabled and will use 2 of the 2 processors detected
Info (12021): Found 1 design units, including 1 entities, in source file dectobinencoder.bdf
    Info (12023): Found entity 1: DecToBinEncoder
Info (12021): Found 1 design units, including 1 entities, in source file bintosegdecoder.bdf
    Info (12023): Found entity 1: BinToSegDecoder
Info (12021): Found 1 design units, including 1 entities, in source file keyenbl.bdf
    Info (12023): Found entity 1: keyenbl
Info (12021): Found 1 design units, including 1 entities, in source file detectmodule.bdf
    Info (12023): Found entity 1: detectModule
Info (12021): Found 1 design units, including 1 entities, in source file bangoregister.bdf
    Info (12023): Found entity 1: bangoRegister
Info (12021): Found 1 design units, including 1 entities, in source file angoregister.bdf
    Info (12023): Found entity 1: angoRegister
Info (12021): Found 1 design units, including 1 entities, in source file 6bushu.bdf
    Info (12023): Found entity 1: 6bushu
Info (12021): Found 1 design units, including 1 entities, in source file 10bunshu.bdf
    Info (12023): Found entity 1: 10bunshu
Info (12021): Found 1 design units, including 1 entities, in source file statemachine.bdf
    Info (12023): Found entity 1: stateMachine
Info (12021): Found 1 design units, including 1 entities, in source file bun60hz.bdf
    Info (12023): Found entity 1: bun60hz
Info (12021): Found 1 design units, including 1 entities, in source file denshilock.bdf
    Info (12023): Found entity 1: denshilock
Info (12127): Elaborating entity "denshilock" for the top level hierarchy
Warning (275011): Block or symbol "NOT" of instance "inst7" overlaps another block or symbol
Warning (275011): Block or symbol "NOT" of instance "inst9" overlaps another block or symbol
Warning (275011): Block or symbol "NOT" of instance "inst11" overlaps another block or symbol
Warning (275011): Block or symbol "NOT" of instance "inst13" overlaps another block or symbol
Warning (275011): Block or symbol "NOT" of instance "inst34" overlaps another block or symbol
Warning (275011): Block or symbol "NOT" of instance "inst36" overlaps another block or symbol
Warning (275011): Block or symbol "NOT" of instance "inst37" overlaps another block or symbol
Warning (275011): Block or symbol "NOT" of instance "inst39" overlaps another block or symbol
Info (12128): Elaborating entity "bun60hz" for hierarchy "bun60hz:inst17"
Info (12128): Elaborating entity "10bunshu" for hierarchy "bun60hz:inst17|10bunshu:inst5"
Info (12128): Elaborating entity "stateMachine" for hierarchy "stateMachine:inst18"
Info (12128): Elaborating entity "bangoRegister" for hierarchy "bangoRegister:inst"
Info (12128): Elaborating entity "keyenbl" for hierarchy "keyenbl:inst16"
Info (12128): Elaborating entity "DecToBinEncoder" for hierarchy "DecToBinEncoder:inst3"
Info (12128): Elaborating entity "detectModule" for hierarchy "detectModule:inst22"
Info (12128): Elaborating entity "angoRegister" for hierarchy "angoRegister:inst1"
Info (12128): Elaborating entity "BinToSegDecoder" for hierarchy "BinToSegDecoder:inst52"
Info (13000): Registers with preset signals will power-up high
Info (13003): DEV_CLRn pin will set, and not reset, register with preset signal due to NOT Gate Push-Back
Warning (13024): Output pins are stuck at VCC or GND
    Warning (13410): Pin "dp1" is stuck at GND
    Warning (13410): Pin "dp2" is stuck at GND
Info (286030): Timing-Driven Synthesis is running
Info (16010): Generating hard_block partition "hard_block:auto_generated_inst"
    Info (16011): Adding 0 node(s), including 0 DDIO, 0 PLL, 0 transceiver and 0 LCELL
Info (21057): Implemented 140 device resources after synthesis - the final resource count might be different
    Info (21058): Implemented 14 input pins
    Info (21059): Implemented 18 output pins
    Info (21061): Implemented 108 logic cells
Info: Quartus Prime Analysis & Synthesis was successful. 0 errors, 12 warnings
    Info: Peak virtual memory: 4749 megabytes
    Info: Processing ended: Wed Dec 13 11:38:42 2023
    Info: Elapsed time: 00:00:45
    Info: Total CPU time (on all processors): 00:00:40


